<?xml version="1.0" encoding="UTF-8"?>
<testng-results ignored="0" total="5" passed="5" failed="0" skipped="0">
  <reporter-output>
  </reporter-output>
  <suite started-at="2020-06-08T23:10:21 GMT+04:00" name="Default suite" finished-at="2020-06-08T23:11:17 GMT+04:00" duration-ms="56497">
    <groups>
    </groups>
    <test started-at="2020-06-08T23:10:21 GMT+04:00" name="Default test" finished-at="2020-06-08T23:11:17 GMT+04:00" duration-ms="56497">
      <class name="testNG.E3">
        <test-method is-config="true" signature="initBrowser()[pri:0, instance:testNG.E3@4c15e7fd]" started-at="2020-06-08T23:10:21 GMT+04:00" name="initBrowser" finished-at="2020-06-08T23:10:25 GMT+04:00" duration-ms="4128" status="PASS">
          <reporter-output>
          </reporter-output>
        </test-method> <!-- initBrowser -->
        <test-method signature="createExistingUserNegativeTest()[pri:0, instance:testNG.E3@4c15e7fd]" started-at="2020-06-08T23:10:25 GMT+04:00" name="createExistingUserNegativeTest" finished-at="2020-06-08T23:10:43 GMT+04:00" duration-ms="18300" status="PASS">
          <reporter-output>
          </reporter-output>
        </test-method> <!-- createExistingUserNegativeTest -->
        <test-method signature="createNewUserWithFalseFormTest()[pri:0, instance:testNG.E3@4c15e7fd]" started-at="2020-06-08T23:10:43 GMT+04:00" name="createNewUserWithFalseFormTest" finished-at="2020-06-08T23:10:57 GMT+04:00" duration-ms="13898" status="PASS">
          <reporter-output>
          </reporter-output>
        </test-method> <!-- createNewUserWithFalseFormTest -->
        <test-method signature="createNewUserWithTrueFormTest()[pri:0, instance:testNG.E3@4c15e7fd]" started-at="2020-06-08T23:10:57 GMT+04:00" name="createNewUserWithTrueFormTest" finished-at="2020-06-08T23:11:11 GMT+04:00" duration-ms="14013" status="PASS">
          <reporter-output>
          </reporter-output>
        </test-method> <!-- createNewUserWithTrueFormTest -->
        <test-method signature="openUrlTest()[pri:0, instance:testNG.E3@4c15e7fd]" started-at="2020-06-08T23:11:11 GMT+04:00" name="openUrlTest" finished-at="2020-06-08T23:11:14 GMT+04:00" duration-ms="3532" status="PASS">
          <reporter-output>
          </reporter-output>
        </test-method> <!-- openUrlTest -->
        <test-method signature="verifyPageTitleTest()[pri:0, instance:testNG.E3@4c15e7fd]" started-at="2020-06-08T23:11:14 GMT+04:00" name="verifyPageTitleTest" finished-at="2020-06-08T23:11:16 GMT+04:00" duration-ms="1806" status="PASS">
          <reporter-output>
          </reporter-output>
        </test-method> <!-- verifyPageTitleTest -->
        <test-method is-config="true" signature="closeBrowser()[pri:0, instance:testNG.E3@4c15e7fd]" started-at="2020-06-08T23:11:16 GMT+04:00" name="closeBrowser" finished-at="2020-06-08T23:11:17 GMT+04:00" duration-ms="764" status="PASS">
          <reporter-output>
          </reporter-output>
        </test-method> <!-- closeBrowser -->
      </class> <!-- testNG.E3 -->
    </test> <!-- Default test -->
  </suite> <!-- Default suite -->
</testng-results>
